Building DAG of jobs...
Using shell: /data/leuven/345/vsc34512/miniconda3/bin/bash
Provided cores: 1 (use --cores to define parallelism)
Rules claiming more threads will be scaled down.
Job stats:
job         count    min threads    max threads
--------  -------  -------------  -------------
all             1              1              1
snpeff          1              1              1
vcfstats        1              1              1
total           3              1              1

Select jobs to execute...

[Sat May 21 20:39:47 2022]
rule snpeff:
    input: 040.cleaned/snps.cleaned.vcf
    output: 050.snpeff/snps.annotated.vcf, 050.snpeff/snpEff_summary.html, 050.snpeff/snpEff_genes.txt
    log: 050.snpeff/snakemake.err
    jobid: 4
    resources: tmpdir=/tmp/b8941e2257

[Sat May 21 20:40:36 2022]
Finished job 4.
1 of 3 steps (33%) done
Select jobs to execute...

[Sat May 21 20:40:36 2022]
rule vcfstats:
    input: 050.snpeff/snps.annotated.vcf
    output: stats.vcfk
    jobid: 3
    resources: tmpdir=/tmp/b8941e2257

[Sat May 21 20:40:36 2022]
Error in rule vcfstats:
    jobid: 3
    output: stats.vcfk
    shell:
        
        touch stats.vcfk

        echo "done"
        bcftools stats 050.snpeff/snps.annotated.vcf > stats.vcfk
        plot-vcfstats -p 060.vcfstat stats.vcfk 
        
        (one of the commands exited with non-zero exit code; note that snakemake uses bash strict mode!)

Removing output files of failed job vcfstats since they might be corrupted:
stats.vcfk
Shutting down, this might take some time.
Exiting because a job execution failed. Look above for error message
Complete log: /lustre1/scratch/345/vsc34512/mock_exam/snakemake/.snakemake/log/2022-05-21T203946.629200.snakemake.log
