Building DAG of jobs...
Using shell: /data/leuven/306/vsc30690/miniconda3/bin/bash
Provided cores: 1 (use --cores to define parallelism)
Rules claiming more threads will be scaled down.
Job stats:
job                count    min threads    max threads
---------------  -------  -------------  -------------
all                    1              1              1
bwa                    2              1              1
fastqc                 2              1              1
snpeff                 1              1              1
variant_calling        1              1              1
variant_cleanup        1              1              1
vcfstats               1              1              1
total                  9              1              1

Select jobs to execute...

[Thu May 19 14:13:43 2022]
rule bwa:
    input: 000.fastq/TLE66_T.fastq
    output: 020.bwa/TLE66_T.bam, 020.bwa/TLE66_T.bam.bai
    jobid: 8
    wildcards: sample=TLE66_T
    resources: tmpdir=/tmp/959e7e59ad

[Thu May 19 14:13:58 2022]
Finished job 8.
1 of 9 steps (11%) done
Select jobs to execute...

[Thu May 19 14:13:58 2022]
rule fastqc:
    input: 000.fastq/TLE66_T.fastq
    output: 010.fastqc/TLE66_T_fastqc.zip, 010.fastqc/TLE66_T_fastqc.html
    jobid: 2
    wildcards: name=TLE66_T
    resources: tmpdir=/tmp/959e7e59ad

[Thu May 19 14:14:04 2022]
Finished job 2.
2 of 9 steps (22%) done
Select jobs to execute...

[Thu May 19 14:14:04 2022]
rule fastqc:
    input: 000.fastq/TLE66_N.fastq
    output: 010.fastqc/TLE66_N_fastqc.zip, 010.fastqc/TLE66_N_fastqc.html
    jobid: 1
    wildcards: name=TLE66_N
    resources: tmpdir=/tmp/959e7e59ad

[Thu May 19 14:14:11 2022]
Finished job 1.
3 of 9 steps (33%) done
Select jobs to execute...

[Thu May 19 14:14:11 2022]
rule bwa:
    input: 000.fastq/TLE66_N.fastq
    output: 020.bwa/TLE66_N.bam, 020.bwa/TLE66_N.bam.bai
    jobid: 7
    wildcards: sample=TLE66_N
    resources: tmpdir=/tmp/959e7e59ad

[Thu May 19 14:14:28 2022]
Finished job 7.
4 of 9 steps (44%) done
Select jobs to execute...

[Thu May 19 14:14:28 2022]
rule variant_calling:
    input: /staging/leuven/stg_00079/teaching/hg19_9/chr9.fa, 020.bwa/TLE66_N.bam, 020.bwa/TLE66_T.bam
    output: 030.samtools/snps.vcf
    jobid: 6
    resources: tmpdir=/tmp/959e7e59ad

[Thu May 19 14:14:48 2022]
Finished job 6.
5 of 9 steps (56%) done
Select jobs to execute...

[Thu May 19 14:14:48 2022]
rule variant_cleanup:
    input: /staging/leuven/stg_00079/teaching/hg19_9/chr9.fa, 030.samtools/snps.vcf
    output: 040.cleaned/snps.cleaned.vcf
    jobid: 5
    resources: tmpdir=/tmp/959e7e59ad

[Thu May 19 14:14:48 2022]
Finished job 5.
6 of 9 steps (67%) done
Select jobs to execute...

[Thu May 19 14:14:48 2022]
rule snpeff:
    input: 040.cleaned/snps.cleaned.vcf
    output: 050.snpeff/snps.annotated.vcf, 050.snpeff/snpEff_summary.html, 050.snpeff/snpEff_genes.txt
    log: 050.snpeff/snakemake.err
    jobid: 4
    resources: tmpdir=/tmp/959e7e59ad

[Thu May 19 14:15:32 2022]
Finished job 4.
7 of 9 steps (78%) done
Select jobs to execute...

[Thu May 19 14:15:32 2022]
rule vcfstats:
    input: 050.snpeff/snps.annotated.vcf
    output: 060.vcfstats/stats.txt, 060.vcfstats/stats.pdf
    jobid: 3
    resources: tmpdir=/tmp/959e7e59ad

[Thu May 19 14:15:32 2022]
Error in rule vcfstats:
    jobid: 3
    output: 060.vcfstats/stats.txt, 060.vcfstats/stats.pdf
    shell:
        
        mkdir -p 060.vcfstats

        bcftools stats 050.snpeff/snps.annotated.vcf -T 060.vcfstats/stats.txt
        bcftools plot-vcfstats -T 060.vcfstats/stats.pdf
        
        (one of the commands exited with non-zero exit code; note that snakemake uses bash strict mode!)

Shutting down, this might take some time.
Exiting because a job execution failed. Look above for error message
Complete log: /lustre1/scratch/345/vsc34512/mock_exam/snakemake/.snakemake/log/2022-05-19T141342.056430.snakemake.log
