Building DAG of jobs...
Using shell: /data/leuven/306/vsc30690/miniconda3/bin/bash
Provided cores: 1 (use --cores to define parallelism)
Rules claiming more threads will be scaled down.
Job stats:
job         count    min threads    max threads
--------  -------  -------------  -------------
all             1              1              1
snpeff          1              1              1
vcfstats        1              1              1
total           3              1              1

Select jobs to execute...

[Thu May 19 15:53:53 2022]
rule snpeff:
    input: 040.cleaned/snps.cleaned.vcf
    output: 050.snpeff/snps.annotated.vcf, 050.snpeff/snpEff_summary.html, 050.snpeff/snpEff_genes.txt
    log: 050.snpeff/snakemake.err
    jobid: 4
    resources: tmpdir=/tmp/959e7e59ad

[Thu May 19 15:54:38 2022]
Finished job 4.
1 of 3 steps (33%) done
Select jobs to execute...

[Thu May 19 15:54:38 2022]
rule vcfstats:
    input: 050.snpeff/snps.annotated.vcf
    output: 060.vcfstats/stats.vcfk, 060.vcfstats/stats.pdf
    jobid: 3
    resources: tmpdir=/tmp/959e7e59ad

[Thu May 19 15:54:38 2022]
Error in rule vcfstats:
    jobid: 3
    output: 060.vcfstats/stats.vcfk, 060.vcfstats/stats.pdf
    shell:
        
        touch 060.vcfstats/stats.vcfk
        touch 060.vcfstats/stats.pdf

        echo "done"
        bcftools stats 050.snpeff/snps.annotated.vcf - > 060.vcfstats/stats.vcfk
        plot-vcfstats 060.vcfstats/stats.vcfk -p 060.vcfstats 060.vcfstats/stats.pdf
        
        (one of the commands exited with non-zero exit code; note that snakemake uses bash strict mode!)

Removing output files of failed job vcfstats since they might be corrupted:
060.vcfstats/stats.vcfk, 060.vcfstats/stats.pdf
Shutting down, this might take some time.
Exiting because a job execution failed. Look above for error message
Complete log: /lustre1/scratch/345/vsc34512/mock_exam/snakemake/.snakemake/log/2022-05-19T155353.211202.snakemake.log
